Info: Starting: Create block symbol file (.bsf)
Info: qsys-generate "C:\Users\Alex Manak\Desktop\Math\Verilog\Exponent_Accelerator\source\Exponent_accelerator.qsys" --block-symbol-file --output-directory="C:\Users\Alex Manak\Desktop\Math\Verilog\Exponent_Accelerator\source\Exponent_accelerator" --family="Cyclone V" --part=5CSEMA5F31C6
Progress: Loading source/Exponent_accelerator.qsys
Progress: Reading input file
Progress: Adding HEX0 [altera_avalon_pio 19.1]
Progress: Parameterizing module HEX0
Progress: Adding HEX1 [altera_avalon_pio 19.1]
Progress: Parameterizing module HEX1
Progress: Adding HEX2 [altera_avalon_pio 19.1]
Progress: Parameterizing module HEX2
Progress: Adding HEX3 [altera_avalon_pio 19.1]
Progress: Parameterizing module HEX3
Progress: Adding HEX4 [altera_avalon_pio 19.1]
Progress: Parameterizing module HEX4
Progress: Adding HEX5 [altera_avalon_pio 19.1]
Progress: Parameterizing module HEX5
Progress: Adding LEDR [altera_avalon_pio 19.1]
Progress: Parameterizing module LEDR
Progress: Adding SW [altera_avalon_pio 19.1]
Progress: Parameterizing module SW
Progress: Adding clk_0 [clock_source 19.1]
Progress: Parameterizing module clk_0
Progress: Adding jtag_uart_0 [altera_avalon_jtag_uart 19.1]
Progress: Parameterizing module jtag_uart_0
Progress: Adding nios2_gen2_0 [altera_nios2_gen2 19.1]
Progress: Parameterizing module nios2_gen2_0
Progress: Adding onchip_memory2_0 [altera_avalon_onchip_memory2 19.1]
Progress: Parameterizing module onchip_memory2_0
Progress: Building connections
Progress: Parameterizing connections
Progress: Validating
Progress: Done reading input file
Info: Exponent_accelerator.SW: PIO inputs are not hardwired in test bench. Undefined values will be read from PIO inputs during simulation.
Info: Exponent_accelerator.jtag_uart_0: JTAG UART IP input clock need to be at least double (2x) the operating frequency of JTAG TCK on board
Info: qsys-generate succeeded.
Info: Finished: Create block symbol file (.bsf)
Info: 
Info: Starting: Create HDL design files for synthesis
Info: qsys-generate "C:\Users\Alex Manak\Desktop\Math\Verilog\Exponent_Accelerator\source\Exponent_accelerator.qsys" --synthesis=VERILOG --output-directory="C:\Users\Alex Manak\Desktop\Math\Verilog\Exponent_Accelerator\source\Exponent_accelerator\synthesis" --family="Cyclone V" --part=5CSEMA5F31C6
Progress: Loading source/Exponent_accelerator.qsys
Progress: Reading input file
Progress: Adding HEX0 [altera_avalon_pio 19.1]
Progress: Parameterizing module HEX0
Progress: Adding HEX1 [altera_avalon_pio 19.1]
Progress: Parameterizing module HEX1
Progress: Adding HEX2 [altera_avalon_pio 19.1]
Progress: Parameterizing module HEX2
Progress: Adding HEX3 [altera_avalon_pio 19.1]
Progress: Parameterizing module HEX3
Progress: Adding HEX4 [altera_avalon_pio 19.1]
Progress: Parameterizing module HEX4
Progress: Adding HEX5 [altera_avalon_pio 19.1]
Progress: Parameterizing module HEX5
Progress: Adding LEDR [altera_avalon_pio 19.1]
Progress: Parameterizing module LEDR
Progress: Adding SW [altera_avalon_pio 19.1]
Progress: Parameterizing module SW
Progress: Adding clk_0 [clock_source 19.1]
Progress: Parameterizing module clk_0
Progress: Adding jtag_uart_0 [altera_avalon_jtag_uart 19.1]
Progress: Parameterizing module jtag_uart_0
Progress: Adding nios2_gen2_0 [altera_nios2_gen2 19.1]
Progress: Parameterizing module nios2_gen2_0
Progress: Adding onchip_memory2_0 [altera_avalon_onchip_memory2 19.1]
Progress: Parameterizing module onchip_memory2_0
Progress: Building connections
Progress: Parameterizing connections
Progress: Validating
Progress: Done reading input file
Info: Exponent_accelerator.SW: PIO inputs are not hardwired in test bench. Undefined values will be read from PIO inputs during simulation.
Info: Exponent_accelerator.jtag_uart_0: JTAG UART IP input clock need to be at least double (2x) the operating frequency of JTAG TCK on board
Info: Exponent_accelerator: Generating Exponent_accelerator "Exponent_accelerator" for QUARTUS_SYNTH
Info: HEX0: Starting RTL generation for module 'Exponent_accelerator_HEX0'
Info: HEX0:   Generation command is [exec C:/intelfpga_lite/19.1/quartus/bin64/perl/bin/perl.exe -I C:/intelfpga_lite/19.1/quartus/sopc_builder/bin/europa -I C:/intelfpga_lite/19.1/quartus/sopc_builder/bin -I C:/intelfpga_lite/19.1/quartus/../ip/altera/sopc_builder_ip/common -I C:/intelfpga_lite/19.1/quartus/../ip/altera/sopc_builder_ip/altera_avalon_pio -- C:/intelfpga_lite/19.1/quartus/../ip/altera/sopc_builder_ip/altera_avalon_pio/generate_rtl.pl --name=Exponent_accelerator_HEX0 --dir=C:/Users/ALEXMA~1/AppData/Local/Temp/alt9356_5637362314525339652.dir/0002_HEX0_gen/ --quartus_dir=C:/intelfpga_lite/19.1/quartus --verilog --config=C:/Users/ALEXMA~1/AppData/Local/Temp/alt9356_5637362314525339652.dir/0002_HEX0_gen//Exponent_accelerator_HEX0_component_configuration.pl  --do_build_sim=0  ]
Info: HEX0: Done RTL generation for module 'Exponent_accelerator_HEX0'
Info: HEX0: "Exponent_accelerator" instantiated altera_avalon_pio "HEX0"
Info: LEDR: Starting RTL generation for module 'Exponent_accelerator_LEDR'
Info: LEDR:   Generation command is [exec C:/intelfpga_lite/19.1/quartus/bin64/perl/bin/perl.exe -I C:/intelfpga_lite/19.1/quartus/sopc_builder/bin/europa -I C:/intelfpga_lite/19.1/quartus/sopc_builder/bin -I C:/intelfpga_lite/19.1/quartus/../ip/altera/sopc_builder_ip/common -I C:/intelfpga_lite/19.1/quartus/../ip/altera/sopc_builder_ip/altera_avalon_pio -- C:/intelfpga_lite/19.1/quartus/../ip/altera/sopc_builder_ip/altera_avalon_pio/generate_rtl.pl --name=Exponent_accelerator_LEDR --dir=C:/Users/ALEXMA~1/AppData/Local/Temp/alt9356_5637362314525339652.dir/0003_LEDR_gen/ --quartus_dir=C:/intelfpga_lite/19.1/quartus --verilog --config=C:/Users/ALEXMA~1/AppData/Local/Temp/alt9356_5637362314525339652.dir/0003_LEDR_gen//Exponent_accelerator_LEDR_component_configuration.pl  --do_build_sim=0  ]
Info: LEDR: Done RTL generation for module 'Exponent_accelerator_LEDR'
Info: LEDR: "Exponent_accelerator" instantiated altera_avalon_pio "LEDR"
Info: SW: Starting RTL generation for module 'Exponent_accelerator_SW'
Info: SW:   Generation command is [exec C:/intelfpga_lite/19.1/quartus/bin64/perl/bin/perl.exe -I C:/intelfpga_lite/19.1/quartus/sopc_builder/bin/europa -I C:/intelfpga_lite/19.1/quartus/sopc_builder/bin -I C:/intelfpga_lite/19.1/quartus/../ip/altera/sopc_builder_ip/common -I C:/intelfpga_lite/19.1/quartus/../ip/altera/sopc_builder_ip/altera_avalon_pio -- C:/intelfpga_lite/19.1/quartus/../ip/altera/sopc_builder_ip/altera_avalon_pio/generate_rtl.pl --name=Exponent_accelerator_SW --dir=C:/Users/ALEXMA~1/AppData/Local/Temp/alt9356_5637362314525339652.dir/0004_SW_gen/ --quartus_dir=C:/intelfpga_lite/19.1/quartus --verilog --config=C:/Users/ALEXMA~1/AppData/Local/Temp/alt9356_5637362314525339652.dir/0004_SW_gen//Exponent_accelerator_SW_component_configuration.pl  --do_build_sim=0  ]
Info: SW: Done RTL generation for module 'Exponent_accelerator_SW'
Info: SW: "Exponent_accelerator" instantiated altera_avalon_pio "SW"
Info: jtag_uart_0: Starting RTL generation for module 'Exponent_accelerator_jtag_uart_0'
Info: jtag_uart_0:   Generation command is [exec C:/intelfpga_lite/19.1/quartus/bin64/perl/bin/perl.exe -I C:/intelfpga_lite/19.1/quartus/sopc_builder/bin/europa -I C:/intelfpga_lite/19.1/quartus/sopc_builder/bin -I C:/intelfpga_lite/19.1/quartus/../ip/altera/sopc_builder_ip/common -I C:/intelfpga_lite/19.1/quartus/../ip/altera/sopc_builder_ip/altera_avalon_jtag_uart -- C:/intelfpga_lite/19.1/quartus/../ip/altera/sopc_builder_ip/altera_avalon_jtag_uart/generate_rtl.pl --name=Exponent_accelerator_jtag_uart_0 --dir=C:/Users/ALEXMA~1/AppData/Local/Temp/alt9356_5637362314525339652.dir/0005_jtag_uart_0_gen/ --quartus_dir=C:/intelfpga_lite/19.1/quartus --verilog --config=C:/Users/ALEXMA~1/AppData/Local/Temp/alt9356_5637362314525339652.dir/0005_jtag_uart_0_gen//Exponent_accelerator_jtag_uart_0_component_configuration.pl  --do_build_sim=0  ]
Info: jtag_uart_0: Done RTL generation for module 'Exponent_accelerator_jtag_uart_0'
Info: jtag_uart_0: "Exponent_accelerator" instantiated altera_avalon_jtag_uart "jtag_uart_0"
Info: nios2_gen2_0: "Exponent_accelerator" instantiated altera_nios2_gen2 "nios2_gen2_0"
Info: onchip_memory2_0: Starting RTL generation for module 'Exponent_accelerator_onchip_memory2_0'
Info: onchip_memory2_0:   Generation command is [exec C:/intelfpga_lite/19.1/quartus/bin64/perl/bin/perl.exe -I C:/intelfpga_lite/19.1/quartus/sopc_builder/bin/europa -I C:/intelfpga_lite/19.1/quartus/sopc_builder/bin -I C:/intelfpga_lite/19.1/quartus/../ip/altera/sopc_builder_ip/common -I C:/intelfpga_lite/19.1/quartus/../ip/altera/sopc_builder_ip/altera_avalon_onchip_memory2 -- C:/intelfpga_lite/19.1/quartus/../ip/altera/sopc_builder_ip/altera_avalon_onchip_memory2/generate_rtl.pl --name=Exponent_accelerator_onchip_memory2_0 --dir=C:/Users/ALEXMA~1/AppData/Local/Temp/alt9356_5637362314525339652.dir/0006_onchip_memory2_0_gen/ --quartus_dir=C:/intelfpga_lite/19.1/quartus --verilog --config=C:/Users/ALEXMA~1/AppData/Local/Temp/alt9356_5637362314525339652.dir/0006_onchip_memory2_0_gen//Exponent_accelerator_onchip_memory2_0_component_configuration.pl  --do_build_sim=0  ]
Info: onchip_memory2_0: Done RTL generation for module 'Exponent_accelerator_onchip_memory2_0'
Info: onchip_memory2_0: "Exponent_accelerator" instantiated altera_avalon_onchip_memory2 "onchip_memory2_0"
Info: avalon_st_adapter: Inserting error_adapter: error_adapter_0
Info: avalon_st_adapter_001: Inserting error_adapter: error_adapter_0
Info: avalon_st_adapter_002: Inserting error_adapter: error_adapter_0
Info: avalon_st_adapter_003: Inserting error_adapter: error_adapter_0
Info: avalon_st_adapter_004: Inserting error_adapter: error_adapter_0
Info: avalon_st_adapter_005: Inserting error_adapter: error_adapter_0
Info: avalon_st_adapter_006: Inserting error_adapter: error_adapter_0
Info: avalon_st_adapter_007: Inserting error_adapter: error_adapter_0
Info: avalon_st_adapter_008: Inserting error_adapter: error_adapter_0
Info: avalon_st_adapter_009: Inserting error_adapter: error_adapter_0
Info: avalon_st_adapter_010: Inserting error_adapter: error_adapter_0
Info: mm_interconnect_0: "Exponent_accelerator" instantiated altera_mm_interconnect "mm_interconnect_0"
Info: irq_mapper: "Exponent_accelerator" instantiated altera_irq_mapper "irq_mapper"
Info: rst_controller: "Exponent_accelerator" instantiated altera_reset_controller "rst_controller"
Info: cpu: Starting RTL generation for module 'Exponent_accelerator_nios2_gen2_0_cpu'
Info: cpu:   Generation command is [exec C:/intelFPGA_lite/19.1/quartus/bin64//perl/bin/perl.exe -I C:/intelfpga_lite/19.1/quartus/sopc_builder/bin/europa -I C:/intelfpga_lite/19.1/quartus/sopc_builder/bin -I C:/intelfpga_lite/19.1/quartus/../ip/altera/nios2_ip/altera_nios2_gen2/cpu_lib -I C:/intelfpga_lite/19.1/quartus/../ip/altera/nios2_ip/altera_nios2_gen2/nios_lib -I C:/intelfpga_lite/19.1/quartus/../ip/altera/nios2_ip/altera_nios2_gen2 -I C:/intelfpga_lite/19.1/quartus/../ip/altera/nios2_ip/altera_nios2_gen2 -- C:/intelfpga_lite/19.1/quartus/../ip/altera/nios2_ip/altera_nios2_gen2/generate_rtl.pl --name=Exponent_accelerator_nios2_gen2_0_cpu --dir=C:/Users/ALEXMA~1/AppData/Local/Temp/alt9356_5637362314525339652.dir/0009_cpu_gen/ --quartus_bindir=C:/intelFPGA_lite/19.1/quartus/bin64/ --verilog --config=C:/Users/ALEXMA~1/AppData/Local/Temp/alt9356_5637362314525339652.dir/0009_cpu_gen//Exponent_accelerator_nios2_gen2_0_cpu_processor_configuration.pl  --do_build_sim=0  ]
Info: cpu: # 2022.12.30 01:51:40 (*) Starting Nios II generation
Info: cpu: # 2022.12.30 01:51:40 (*)   Elaborating CPU configuration settings
Info: cpu: # 2022.12.30 01:51:40 (*)   Creating all objects for CPU
Info: cpu: # 2022.12.30 01:51:41 (*)   Generating RTL from CPU objects
Info: cpu: # 2022.12.30 01:51:41 (*)   Creating plain-text RTL
Info: cpu: # 2022.12.30 01:51:41 (*) Done Nios II generation
Info: cpu: Done RTL generation for module 'Exponent_accelerator_nios2_gen2_0_cpu'
Info: cpu: "nios2_gen2_0" instantiated altera_nios2_gen2_unit "cpu"
Info: nios2_gen2_0_data_master_translator: "mm_interconnect_0" instantiated altera_merlin_master_translator "nios2_gen2_0_data_master_translator"
Info: jtag_uart_0_avalon_jtag_slave_translator: "mm_interconnect_0" instantiated altera_merlin_slave_translator "jtag_uart_0_avalon_jtag_slave_translator"
Info: nios2_gen2_0_data_master_agent: "mm_interconnect_0" instantiated altera_merlin_master_agent "nios2_gen2_0_data_master_agent"
Info: jtag_uart_0_avalon_jtag_slave_agent: "mm_interconnect_0" instantiated altera_merlin_slave_agent "jtag_uart_0_avalon_jtag_slave_agent"
Info: jtag_uart_0_avalon_jtag_slave_agent_rsp_fifo: "mm_interconnect_0" instantiated altera_avalon_sc_fifo "jtag_uart_0_avalon_jtag_slave_agent_rsp_fifo"
Info: router: "mm_interconnect_0" instantiated altera_merlin_router "router"
Info: router_001: "mm_interconnect_0" instantiated altera_merlin_router "router_001"
Info: router_002: "mm_interconnect_0" instantiated altera_merlin_router "router_002"
Info: router_003: "mm_interconnect_0" instantiated altera_merlin_router "router_003"
Info: cmd_demux: "mm_interconnect_0" instantiated altera_merlin_demultiplexer "cmd_demux"
Info: cmd_demux_001: "mm_interconnect_0" instantiated altera_merlin_demultiplexer "cmd_demux_001"
Info: cmd_mux: "mm_interconnect_0" instantiated altera_merlin_multiplexer "cmd_mux"
Info: cmd_mux_001: "mm_interconnect_0" instantiated altera_merlin_multiplexer "cmd_mux_001"
Info: Reusing file C:/Users/Alex Manak/Desktop/Math/Verilog/Exponent_Accelerator/source/Exponent_accelerator/synthesis/submodules/altera_merlin_arbitrator.sv
Info: rsp_demux: "mm_interconnect_0" instantiated altera_merlin_demultiplexer "rsp_demux"
Info: rsp_mux: "mm_interconnect_0" instantiated altera_merlin_multiplexer "rsp_mux"
Info: Reusing file C:/Users/Alex Manak/Desktop/Math/Verilog/Exponent_Accelerator/source/Exponent_accelerator/synthesis/submodules/altera_merlin_arbitrator.sv
Info: rsp_mux_001: "mm_interconnect_0" instantiated altera_merlin_multiplexer "rsp_mux_001"
Info: Reusing file C:/Users/Alex Manak/Desktop/Math/Verilog/Exponent_Accelerator/source/Exponent_accelerator/synthesis/submodules/altera_merlin_arbitrator.sv
Info: avalon_st_adapter: "mm_interconnect_0" instantiated altera_avalon_st_adapter "avalon_st_adapter"
Info: error_adapter_0: "avalon_st_adapter" instantiated error_adapter "error_adapter_0"
Info: Exponent_accelerator: Done "Exponent_accelerator" with 29 modules, 42 files
Info: qsys-generate succeeded.
Info: Finished: Create HDL design files for synthesis
